# JRE version: Java(TM) SE Runtime Environment (8.0_102-b14) (build 1.8.0_102-b14)
# Java VM: Java HotSpot(TM) 64-Bit Server VM (25.102-b14 mixed mode windows-amd64 compressed oops)
Heap:
 PSYoungGen      total 238080K, used 177403K [0x00000000eb380000, 0x00000000fd200000, 0x0000000100000000)
  eden space 224768K, 73% used [0x00000000eb380000,0x00000000f53c8998,0x00000000f8f00000)
  from space 13312K, 99% used [0x00000000fb700000,0x00000000fc3f6390,0x00000000fc400000)
  to   space 14336K, 0% used [0x00000000fc400000,0x00000000fc400000,0x00000000fd200000)
 ParOldGen       total 80896K, used 27841K [0x00000000c1a00000, 0x00000000c6900000, 0x00000000eb380000)
  object space 80896K, 34% used [0x00000000c1a00000,0x00000000c3530798,0x00000000c6900000)
 Metaspace       used 57124K, capacity 58686K, committed 58840K, reserved 1099776K
  class space    used 7271K, capacity 7570K, committed 7640K, reserved 1048576K
GC Heap History (10 events):
Event: 685.515 GC heap before
{Heap before GC invocations=22 (full 3):
 PSYoungGen      total 284160K, used 280312K [0x00000000eb380000, 0x00000000fe100000, 0x0000000100000000)
  eden space 266752K, 100% used [0x00000000eb380000,0x00000000fb800000,0x00000000fb800000)
  from space 17408K, 77% used [0x00000000fd000000,0x00000000fdd3e390,0x00000000fe100000)
  to   space 20992K, 0% used [0x00000000fb800000,0x00000000fb800000,0x00000000fcc80000)
 ParOldGen       total 80896K, used 27801K [0x00000000c1a00000, 0x00000000c6900000, 0x00000000eb380000)
  object space 80896K, 34% used [0x00000000c1a00000,0x00000000c3526798,0x00000000c6900000)
 Metaspace       used 57115K, capacity 58686K, committed 58840K, reserved 1099776K
  class space    used 7271K, capacity 7570K, committed 7640K, reserved 1048576K
Event: 685.921 GC heap after
Heap after GC invocations=22 (full 3):
 PSYoungGen      total 287744K, used 14008K [0x00000000eb380000, 0x00000000ff380000, 0x0000000100000000)
  eden space 266752K, 0% used [0x00000000eb380000,0x00000000eb380000,0x00000000fb800000)
  from space 20992K, 66% used [0x00000000fb800000,0x00000000fc5ae3d0,0x00000000fcc80000)
  to   space 20992K, 0% used [0x00000000fdf00000,0x00000000fdf00000,0x00000000ff380000)
 ParOldGen       total 80896K, used 27809K [0x00000000c1a00000, 0x00000000c6900000, 0x00000000eb380000)
  object space 80896K, 34% used [0x00000000c1a00000,0x00000000c3528798,0x00000000c6900000)
 Metaspace       used 57115K, capacity 58686K, committed 58840K, reserved 1099776K
  class space    used 7271K, capacity 7570K, committed 7640K, reserved 1048576K
}
Event: 734.292 GC heap before
{Heap before GC invocations=23 (full 3):
 PSYoungGen      total 287744K, used 280760K [0x00000000eb380000, 0x00000000ff380000, 0x0000000100000000)
  eden space 266752K, 100% used [0x00000000eb380000,0x00000000fb800000,0x00000000fb800000)
  from space 20992K, 66% used [0x00000000fb800000,0x00000000fc5ae3d0,0x00000000fcc80000)
  to   space 20992K, 0% used [0x00000000fdf00000,0x00000000fdf00000,0x00000000ff380000)
 ParOldGen       total 80896K, used 27809K [0x00000000c1a00000, 0x00000000c6900000, 0x00000000eb380000)
  object space 80896K, 34% used [0x00000000c1a00000,0x00000000c3528798,0x00000000c6900000)
 Metaspace       used 57115K, capacity 58686K, committed 58840K, reserved 1099776K
  class space    used 7271K, capacity 7570K, committed 7640K, reserved 1048576K
Event: 734.441 GC heap after
Heap after GC invocations=23 (full 3):
 PSYoungGen      total 269824K, used 13992K [0x00000000eb380000, 0x00000000fed00000, 0x0000000100000000)
  eden space 255488K, 0% used [0x00000000eb380000,0x00000000eb380000,0x00000000fad00000)
  from space 14336K, 97% used [0x00000000fdf00000,0x00000000fecaa3a0,0x00000000fed00000)
  to   space 20992K, 0% used [0x00000000fc400000,0x00000000fc400000,0x00000000fd880000)
 ParOldGen       total 80896K, used 27817K [0x00000000c1a00000, 0x00000000c6900000, 0x00000000eb380000)
  object space 80896K, 34% used [0x00000000c1a00000,0x00000000c352a798,0x00000000c6900000)
 Metaspace       used 57115K, capacity 58686K, committed 58840K, reserved 1099776K
  class space    used 7271K, capacity 7570K, committed 7640K, reserved 1048576K
}
Event: 785.652 GC heap before
{Heap before GC invocations=24 (full 3):
 PSYoungGen      total 269824K, used 269480K [0x00000000eb380000, 0x00000000fed00000, 0x0000000100000000)
  eden space 255488K, 100% used [0x00000000eb380000,0x00000000fad00000,0x00000000fad00000)
  from space 14336K, 97% used [0x00000000fdf00000,0x00000000fecaa3a0,0x00000000fed00000)
  to   space 20992K, 0% used [0x00000000fc400000,0x00000000fc400000,0x00000000fd880000)
 ParOldGen       total 80896K, used 27817K [0x00000000c1a00000, 0x00000000c6900000, 0x00000000eb380000)
  object space 80896K, 34% used [0x00000000c1a00000,0x00000000c352a798,0x00000000c6900000)
 Metaspace       used 57117K, capacity 58686K, committed 58840K, reserved 1099776K
  class space    used 7271K, capacity 7570K, committed 7640K, reserved 1048576K
Event: 785.877 GC heap after
Heap after GC invocations=24 (full 3):
 PSYoungGen      total 258560K, used 13801K [0x00000000eb380000, 0x00000000fdf80000, 0x0000000100000000)
  eden space 244736K, 0% used [0x00000000eb380000,0x00000000eb380000,0x00000000fa280000)
  from space 13824K, 99% used [0x00000000fc400000,0x00000000fd17a560,0x00000000fd180000)
  to   space 14336K, 0% used [0x00000000fd180000,0x00000000fd180000,0x00000000fdf80000)
 ParOldGen       total 80896K, used 27825K [0x00000000c1a00000, 0x00000000c6900000, 0x00000000eb380000)
  object space 80896K, 34% used [0x00000000c1a00000,0x00000000c352c798,0x00000000c6900000)
 Metaspace       used 57117K, capacity 58686K, committed 58840K, reserved 1099776K
  class space    used 7271K, capacity 7570K, committed 7640K, reserved 1048576K
}
Event: 828.360 GC heap before
{Heap before GC invocations=25 (full 3):
 PSYoungGen      total 258560K, used 258537K [0x00000000eb380000, 0x00000000fdf80000, 0x0000000100000000)
  eden space 244736K, 100% used [0x00000000eb380000,0x00000000fa280000,0x00000000fa280000)
  from space 13824K, 99% used [0x00000000fc400000,0x00000000fd17a560,0x00000000fd180000)
  to   space 14336K, 0% used [0x00000000fd180000,0x00000000fd180000,0x00000000fdf80000)
 ParOldGen       total 80896K, used 27825K [0x00000000c1a00000, 0x00000000c6900000, 0x00000000eb380000)
  object space 80896K, 34% used [0x00000000c1a00000,0x00000000c352c798,0x00000000c6900000)
 Metaspace       used 57117K, capacity 58686K, committed 58840K, reserved 1099776K
  class space    used 7271K, capacity 7570K, committed 7640K, reserved 1048576K
Event: 828.457 GC heap after
Heap after GC invocations=25 (full 3):
 PSYoungGen      total 248320K, used 13449K [0x00000000eb380000, 0x00000000fdf00000, 0x0000000100000000)
  eden space 234496K, 0% used [0x00000000eb380000,0x00000000eb380000,0x00000000f9880000)
  from space 13824K, 97% used [0x00000000fd180000,0x00000000fdea2580,0x00000000fdf00000)
  to   space 20480K, 0% used [0x00000000fb700000,0x00000000fb700000,0x00000000fcb00000)
 ParOldGen       total 80896K, used 27833K [0x00000000c1a00000, 0x00000000c6900000, 0x00000000eb380000)
  object space 80896K, 34% used [0x00000000c1a00000,0x00000000c352e798,0x00000000c6900000)
 Metaspace       used 57117K, capacity 58686K, committed 58840K, reserved 1099776K
  class space    used 7271K, capacity 7570K, committed 7640K, reserved 1048576K
}
Event: 877.468 GC heap before
{Heap before GC invocations=26 (full 3):
 PSYoungGen      total 248320K, used 247945K [0x00000000eb380000, 0x00000000fdf00000, 0x0000000100000000)
  eden space 234496K, 100% used [0x00000000eb380000,0x00000000f9880000,0x00000000f9880000)
  from space 13824K, 97% used [0x00000000fd180000,0x00000000fdea2580,0x00000000fdf00000)
  to   space 20480K, 0% used [0x00000000fb700000,0x00000000fb700000,0x00000000fcb00000)
 ParOldGen       total 80896K, used 27833K [0x00000000c1a00000, 0x00000000c6900000, 0x00000000eb380000)
  object space 80896K, 34% used [0x00000000c1a00000,0x00000000c352e798,0x00000000c6900000)
 Metaspace       used 57118K, capacity 58686K, committed 58840K, reserved 1099776K
  class space    used 7271K, capacity 7570K, committed 7640K, reserved 1048576K
Event: 877.722 GC heap after
Heap after GC invocations=26 (full 3):
 PSYoungGen      total 238080K, used 13272K [0x00000000eb380000, 0x00000000fd200000, 0x0000000100000000)
  eden space 224768K, 0% used [0x00000000eb380000,0x00000000eb380000,0x00000000f8f00000)
  from space 13312K, 99% used [0x00000000fb700000,0x00000000fc3f6390,0x00000000fc400000)
  to   space 14336K, 0% used [0x00000000fc400000,0x00000000fc400000,0x00000000fd200000)
 ParOldGen       total 80896K, used 27841K [0x00000000c1a00000, 0x00000000c6900000, 0x00000000eb380000)
  object space 80896K, 34% used [0x00000000c1a00000,0x00000000c3530798,0x00000000c6900000)
 Metaspace       used 57118K, capacity 58686K, committed 58840K, reserved 1099776K
  class space    used 7271K, capacity 7570K, committed 7640K, reserved 1048576K
}

